<?xml version="1.0" encoding="UTF-8"?>
<testng-results ignored="0" total="1" passed="1" failed="0" skipped="0">
  <reporter-output>
  </reporter-output>
  <suite started-at="2023-10-11T10:37:08 IST" name="Default suite" finished-at="2023-10-11T10:37:22 IST" duration-ms="14061">
    <groups>
    </groups>
    <test started-at="2023-10-11T10:37:08 IST" name="Default test" finished-at="2023-10-11T10:37:22 IST" duration-ms="14061">
      <class name="Flipkart.Pagewiseclicking">
        <test-method signature="pageflipkart()[pri:0, instance:Flipkart.Pagewiseclicking@121314f7]" started-at="2023-10-11T10:37:08 IST" name="pageflipkart" finished-at="2023-10-11T10:37:22 IST" duration-ms="14017" status="PASS">
          <reporter-output>
          </reporter-output>
        </test-method> <!-- pageflipkart -->
      </class> <!-- Flipkart.Pagewiseclicking -->
    </test> <!-- Default test -->
  </suite> <!-- Default suite -->
</testng-results>
